<?xml version="1.0" encoding="UTF-8"?>
<!-- Generated by org.testng.reporters.JUnitReportReporter -->
<testsuite hostname="LAPTOP-Q29DDEJ1" failures="0" tests="1" name="com.store.testCases.TC_BuyProduct" time="22.288" errors="0" timestamp="2024-09-09T15:07:35 IST" skipped="0">
  <testcase classname="com.store.testCases.TC_BuyProduct" name="buyProduct" time="22.288"/>
  <system-out/>
</testsuite> <!-- com.store.testCases.TC_BuyProduct -->
