<?xml version="1.0" encoding="UTF-8"?>
<!-- Generated by org.testng.reporters.JUnitReportReporter -->
<testsuite hostname="LAPTOP-Q29DDEJ1" failures="0" tests="1" name="com.store.testCases.TC_BuyProduct_1" time="31.915" errors="0" timestamp="2024-09-12T17:52:28 IST" skipped="0">
  <testcase classname="com.store.testCases.TC_BuyProduct_1" name="buyProduct_1" time="31.915"/>
  <system-out/>
</testsuite> <!-- com.store.testCases.TC_BuyProduct_1 -->
