<?xml version="1.0" encoding="UTF-8"?>
<!-- Generated by org.testng.reporters.JUnitReportReporter -->
<testsuite hostname="LAPTOP-Q29DDEJ1" failures="0" tests="1" name="com.store.testCases.TC_Check_All_Optins_In_My_Profile_Page" time="8.125" errors="0" timestamp="2024-09-13T16:42:01 IST" skipped="0">
  <testcase classname="com.store.testCases.TC_Check_All_Optins_In_My_Profile_Page" name="checkOptionsInProfile" time="8.125"/>
  <system-out/>
</testsuite> <!-- com.store.testCases.TC_Check_All_Optins_In_My_Profile_Page -->
