<?xml version="1.0" encoding="UTF-8"?>
<!-- Generated by org.testng.reporters.JUnitReportReporter -->
<testsuite hostname="LAPTOP-Q29DDEJ1" failures="0" tests="1" name="com.store.testCases.TC_ReferProduct_2_ToFriend" time="12.202" errors="0" timestamp="2024-09-12T17:52:28 IST" skipped="0">
  <testcase classname="com.store.testCases.TC_ReferProduct_2_ToFriend" name="referProduct_2" time="12.202"/>
  <system-out/>
</testsuite> <!-- com.store.testCases.TC_ReferProduct_2_ToFriend -->
