<?xml version="1.0" encoding="UTF-8"?>
<!-- Generated by org.testng.reporters.JUnitReportReporter -->
<testsuite hostname="LAPTOP-Q29DDEJ1" failures="0" tests="1" name="com.store.testCases.TC_ReferProduct_4_ToFriend" time="10.471" errors="0" timestamp="2024-09-13T15:39:05 IST" skipped="0">
  <testcase classname="com.store.testCases.TC_ReferProduct_4_ToFriend" name="referProduct_4" time="10.471"/>
  <system-out/>
</testsuite> <!-- com.store.testCases.TC_ReferProduct_4_ToFriend -->
