<?xml version="1.0" encoding="UTF-8"?>
<!-- Generated by org.testng.reporters.JUnitReportReporter -->
<testsuite hostname="LAPTOP-Q29DDEJ1" failures="0" tests="1" name="com.store.testCases.TC_BuyProduct_4" time="18.771" errors="0" timestamp="2024-09-13T14:47:02 IST" skipped="0">
  <testcase classname="com.store.testCases.TC_BuyProduct_4" name="buyProduct_4" time="18.771"/>
  <system-out/>
</testsuite> <!-- com.store.testCases.TC_BuyProduct_4 -->
