<?xml version="1.0" encoding="UTF-8"?>
<!-- Generated by org.testng.reporters.JUnitReportReporter -->
<testsuite hostname="LAPTOP-Q29DDEJ1" failures="0" tests="1" name="com.store.testCases.TC_ReferProductToFriend" time="17.836" errors="0" timestamp="2024-09-12T17:25:55 IST" skipped="0">
  <testcase classname="com.store.testCases.TC_ReferProductToFriend" name="referProduct" time="17.836"/>
  <system-out/>
</testsuite> <!-- com.store.testCases.TC_ReferProductToFriend -->
