<?xml version="1.0" encoding="UTF-8"?>
<!-- Generated by org.testng.reporters.JUnitReportReporter -->
<testsuite hostname="LAPTOP-Q29DDEJ1" failures="0" tests="1" name="com.store.testCases.TC_Change_Password" time="4.419" errors="0" timestamp="2024-09-13T16:41:15 IST" skipped="0">
  <testcase classname="com.store.testCases.TC_Change_Password" name="changePassword" time="4.419"/>
  <system-out/>
</testsuite> <!-- com.store.testCases.TC_Change_Password -->
